<?xml version="1.0" encoding="UTF-8"?>
<!-- Generated by org.testng.reporters.JUnitReportReporter -->
<testsuite hostname="Q15879" name="com.stockAccounting.tests.tetstngUomcre" tests="3" failures="0" timestamp="24 Jun 2016 02:43:54 GMT" time="46.932" errors="0">
  <testcase name="Uomcre" time="15.598" classname="com.stockAccounting.tests.tetstngUomcre"/>
  <testcase name="Uomcre" time="15.323" classname="com.stockAccounting.tests.tetstngUomcre"/>
  <testcase name="Uomcre" time="16.011" classname="com.stockAccounting.tests.tetstngUomcre"/>
</testsuite> <!-- com.stockAccounting.tests.tetstngUomcre -->
