<?xml version="1.0" encoding="UTF-8"?>
<!-- Generated by org.testng.reporters.JUnitReportReporter -->
<testsuite hostname="Q15879" name="com.stockAccounting.pages.loginTest" tests="1" failures="0" timestamp="25 Jun 2016 04:31:13 GMT" time="27.278" errors="0">
  <testcase name="login" time="27.278" classname="com.stockAccounting.pages.loginTest"/>
</testsuite> <!-- com.stockAccounting.pages.loginTest -->
