<?xml version="1.0" encoding="UTF-8"?>
<!-- Generated by org.testng.reporters.JUnitReportReporter -->
<testsuite hostname="Q15879" name="com.stockAccounting.Master.testngstockAcc" tests="1" failures="0" timestamp="21 Jun 2016 04:26:32 GMT" time="3.003" errors="0">
  <testcase name="stockAcc_Login" time="3.003" classname="com.stockAccounting.Master.testngstockAcc"/>
</testsuite> <!-- com.stockAccounting.Master.testngstockAcc -->
