<?xml version="1.0" encoding="UTF-8"?>
<!-- Generated by org.testng.reporters.JUnitReportReporter -->
<testsuite hostname="Q15879" name="com.stockAccounting.Example.ExampleTestng" tests="1" failures="0" timestamp="22 Jun 2016 03:09:05 GMT" time="25.470" errors="0">
  <testcase name="supplier_creation" time="25.470" classname="com.stockAccounting.Example.ExampleTestng"/>
</testsuite> <!-- com.stockAccounting.Example.ExampleTestng -->
