<?xml version="1.0" encoding="UTF-8"?>
<!-- Generated by org.testng.reporters.JUnitReportReporter -->
<testsuite hostname="Q15879" name="com.stockAccounting.tests.testngSuppliercre" tests="1" failures="0" timestamp="23 Jun 2016 04:03:48 GMT" time="22.443" errors="0">
  <testcase name="Suppliercre" time="22.443" classname="com.stockAccounting.tests.testngSuppliercre"/>
</testsuite> <!-- com.stockAccounting.tests.testngSuppliercre -->
